<?xml version="1.0" encoding="UTF-8"?>
<!-- Generated by org.testng.reporters.JUnitReportReporter -->
<testsuite hostname="TTR358" failures="0" tests="1" name="appiumtest.P1Test" time="21.199" errors="0" timestamp="2020-05-17T18:27:44 IST" skipped="0">
  <testcase classname="appiumtest.P1Test" name="P1Test" time="21.199"/>
  <system-out/>
</testsuite> <!-- appiumtest.P1Test -->
