<?xml version="1.0" encoding="UTF-8"?>
<!-- Generated by org.testng.reporters.JUnitReportReporter -->
<testsuite hostname="TTR358" failures="0" tests="1" name="appiumtest.P4Test" time="35.952" errors="0" timestamp="2020-05-17T20:27:30 IST" skipped="0">
  <testcase classname="appiumtest.P4Test" name="ExamTest" time="35.952"/>
  <system-out/>
</testsuite> <!-- appiumtest.P4Test -->
