<?xml version="1.0" encoding="UTF-8"?>
<!-- Generated by org.testng.reporters.JUnitReportReporter -->
<testsuite hostname="TTR358" failures="0" tests="1" name="appiumtest.dragdropTest" time="40.169" errors="0" timestamp="2020-05-13T22:33:03 IST" skipped="0">
  <testcase classname="appiumtest.dragdropTest" name="dragTest" time="40.169"/>
  <system-out/>
</testsuite> <!-- appiumtest.dragdropTest -->
