<?xml version="1.0" encoding="UTF-8"?>
<!-- Generated by org.testng.reporters.JUnitReportReporter -->
<testsuite hostname="TTR358" failures="0" tests="1" name="appiumtest.baseChromeTest" time="17.661" errors="0" timestamp="2020-05-14T12:03:07 IST" skipped="0">
  <testcase classname="appiumtest.baseChromeTest" name="ChromeTest" time="17.661"/>
  <system-out/>
</testsuite> <!-- appiumtest.baseChromeTest -->
