<?xml version="1.0" encoding="UTF-8"?>
<!-- Generated by org.testng.reporters.JUnitReportReporter -->
<testsuite hostname="TTR358" failures="0" tests="1" name="appiumtest.GradeUp" time="18.216" errors="0" timestamp="2020-05-26T15:39:04 IST" skipped="0">
  <testcase classname="appiumtest.GradeUp" name="GradeUp" time="18.216"/>
  <system-out/>
</testsuite> <!-- appiumtest.GradeUp -->
