<?xml version="1.0" encoding="UTF-8"?>
<!-- Generated by org.testng.reporters.JUnitReportReporter -->
<testsuite hostname="TTR358" failures="0" tests="1" name="appiumtest.introTest" time="27.070" errors="0" timestamp="2020-05-10T20:26:53 IST" skipped="0">
  <testcase classname="appiumtest.introTest" name="firstTest" time="27.070"/>
  <system-out/>
</testsuite> <!-- appiumtest.introTest -->
