<?xml version="1.0" encoding="UTF-8"?>
<!-- Generated by org.testng.reporters.JUnitReportReporter -->
<testsuite hostname="TTR358" failures="0" tests="1" name="appiumtest.aTest" time="32.444" errors="0" timestamp="2020-05-12T23:19:40 IST" skipped="0">
  <testcase classname="appiumtest.aTest" name="loginTest" time="32.444"/>
  <system-out/>
</testsuite> <!-- appiumtest.aTest -->
