<?xml version="1.0" encoding="UTF-8"?>
<!-- Generated by org.testng.reporters.JUnitReportReporter -->
<testsuite hostname="TTR358" failures="0" tests="1" name="appiumtest.UIAutoTest" time="31.575" errors="0" timestamp="2020-05-11T02:31:39 IST" skipped="0">
  <testcase classname="appiumtest.UIAutoTest" name="Automator" time="31.575"/>
  <system-out/>
</testsuite> <!-- appiumtest.UIAutoTest -->
