<?xml version="1.0" encoding="UTF-8"?>
<!-- Generated by org.testng.reporters.JUnitReportReporter -->
<testsuite hostname="TTR358" failures="0" tests="1" name="appiumtest.dTest" time="31.099" errors="0" timestamp="2020-05-14T16:11:36 IST" skipped="0">
  <testcase classname="appiumtest.dTest" name="GTest" time="31.099"/>
  <system-out/>
</testsuite> <!-- appiumtest.dTest -->
