<?xml version="1.0" encoding="UTF-8"?>
<!-- Generated by org.testng.reporters.JUnitReportReporter -->
<testsuite hostname="TTR358" failures="0" tests="1" name="appiumtest.P2Test" time="52.048" errors="0" timestamp="2020-05-17T20:06:18 IST" skipped="0">
  <testcase classname="appiumtest.P2Test" name="P2Test" time="52.048"/>
  <system-out/>
</testsuite> <!-- appiumtest.P2Test -->
