<?xml version="1.0" encoding="UTF-8"?>
<!-- Generated by org.testng.reporters.JUnitReportReporter -->
<testsuite hostname="TTR358" failures="0" tests="1" name="appiumtest.cricbuzBrowserTest" time="23.245" errors="0" timestamp="2020-05-14T16:28:46 IST" skipped="0">
  <testcase classname="appiumtest.cricbuzBrowserTest" name="cricbuzz" time="23.245"/>
  <system-out/>
</testsuite> <!-- appiumtest.cricbuzBrowserTest -->
