<?xml version="1.0" encoding="UTF-8"?>
<!-- Generated by org.testng.reporters.JUnitReportReporter -->
<testsuite hostname="TTR358" failures="0" tests="1" name="appiumtest.mobilebrowserTest" time="19.187" errors="0" timestamp="2020-05-14T12:06:29 IST" skipped="0">
  <testcase classname="appiumtest.mobilebrowserTest" name="mobileTest" time="19.187"/>
  <system-out/>
</testsuite> <!-- appiumtest.mobilebrowserTest -->
