<?xml version="1.0" encoding="UTF-8"?>
<!-- Generated by org.testng.reporters.JUnitReportReporter -->
<testsuite hostname="TTR358" failures="0" tests="1" name="appiumtest.BTest" time="37.134" errors="0" timestamp="2020-05-13T15:21:29 IST" skipped="0">
  <testcase classname="appiumtest.BTest" name="cTest" time="37.134"/>
  <system-out/>
</testsuite> <!-- appiumtest.BTest -->
