<?xml version="1.0" encoding="UTF-8"?>
<!-- Generated by org.testng.reporters.JUnitReportReporter -->
<testsuite hostname="TTR358" failures="0" tests="1" name="appiumtest.atTest" time="30.908" errors="0" timestamp="2020-05-12T23:37:53 IST" skipped="0">
  <testcase classname="appiumtest.atTest" name="LogTest" time="30.908"/>
  <system-out/>
</testsuite> <!-- appiumtest.atTest -->
