<?xml version="1.0" encoding="UTF-8"?>
<!-- Generated by org.testng.reporters.JUnitReportReporter -->
<testsuite hostname="TTR358" failures="0" tests="1" name="appiumtest.BaseecomTest" time="20.251" errors="0" timestamp="2020-05-15T20:38:46 IST" skipped="0">
  <testcase classname="appiumtest.BaseecomTest" name="BaseecomTest" time="20.251"/>
  <system-out/>
</testsuite> <!-- appiumtest.BaseecomTest -->
