<?xml version="1.0" encoding="UTF-8"?>
<!-- Generated by org.testng.reporters.JUnitReportReporter -->
<testsuite hostname="TTR358" failures="0" tests="1" name="appiumtest.P3Test" time="20.826" errors="0" timestamp="2020-05-17T20:18:15 IST" skipped="0">
  <testcase classname="appiumtest.P3Test" name="PTest3" time="20.826"/>
  <system-out/>
</testsuite> <!-- appiumtest.P3Test -->
