<?xml version="1.0" encoding="UTF-8"?>
<!-- Generated by org.testng.reporters.JUnitReportReporter -->
<testsuite hostname="TTR358" failures="0" tests="1" name="appiumtest.LongpressTest" time="32.480" errors="0" timestamp="2020-05-13T22:19:30 IST" skipped="0">
  <testcase classname="appiumtest.LongpressTest" name="longPressTest" time="32.480"/>
  <system-out/>
</testsuite> <!-- appiumtest.LongpressTest -->
